<?xml version="1.0" encoding="UTF-8"?>
<testng-results ignored="0" total="2" passed="2" failed="0" skipped="0">
  <reporter-output>
  </reporter-output>
  <suite started-at="2020-10-28T17:05:24 IST" name="Default suite" finished-at="2020-10-28T17:05:24 IST" duration-ms="63">
    <groups>
    </groups>
    <test started-at="2020-10-28T17:05:24 IST" name="Default test" finished-at="2020-10-28T17:05:24 IST" duration-ms="63">
      <class name="qaclickacademy.Mavenjava.AppiumTest">
        <test-method signature="IOSApps()[pri:0, instance:qaclickacademy.Mavenjava.AppiumTest@c333c60]" started-at="2020-10-28T17:05:24 IST" name="IOSApps" finished-at="2020-10-28T17:05:24 IST" duration-ms="10" status="PASS">
          <reporter-output>
          </reporter-output>
        </test-method> <!-- IOSApps -->
        <test-method signature="NativeAppAndroida()[pri:0, instance:qaclickacademy.Mavenjava.AppiumTest@c333c60]" started-at="2020-10-28T17:05:24 IST" name="NativeAppAndroida" finished-at="2020-10-28T17:05:24 IST" duration-ms="2" status="PASS">
          <reporter-output>
          </reporter-output>
        </test-method> <!-- NativeAppAndroida -->
      </class> <!-- qaclickacademy.Mavenjava.AppiumTest -->
    </test> <!-- Default test -->
  </suite> <!-- Default suite -->
</testng-results>
